<?xml version="1.0" encoding="UTF-8" ?>
<testsuite errors="0" failures="0" hostname="DESKTOP-07BR2C5" name="egovframework.guide.helloworld.HelloWorldServiceTest" skipped="0" tests="1" time="0.366" timestamp="2017-02-13T08:32:05">
  <properties>
    <property name="java.vendor" value="Oracle Corporation" />
    <property name="env.USERDOMAIN_ROAMINGPROFILE" value="DESKTOP-07BR2C5" />
    <property name="env.VS90COMNTOOLS" value="C:\Program Files (x86)\Microsoft Visual Studio 9.0\Common7\Tools\" />
    <property name="sun.java.launcher" value="SUN_STANDARD" />
    <property name="eclipse.pdebuild.templates" value="/C:/_SoftFactory/Java/IDE/eGovFrameDev-3.6.0-64bit/eclipse/plugins/org.eclipse.pde.build_3.9.100.v20150521-1524/templates/" />
    <property name="sun.management.compiler" value="HotSpot 64-Bit Tiered Compilers" />
    <property name="env.PROMPT" value="$P$G" />
    <property name="os.name" value="Windows 8.1" />
    <property name="sun.boot.class.path" value="C:\_SoftFactory\Java\JDK\jdk1.7.0_80\jre\lib\resources.jar;C:\_SoftFactory\Java\JDK\jdk1.7.0_80\jre\lib\rt.jar;C:\_SoftFactory\Java\JDK\jdk1.7.0_80\jre\lib\sunrsasign.jar;C:\_SoftFactory\Java\JDK\jdk1.7.0_80\jre\lib\jsse.jar;C:\_SoftFactory\Java\JDK\jdk1.7.0_80\jre\lib\jce.jar;C:\_SoftFactory\Java\JDK\jdk1.7.0_80\jre\lib\charsets.jar;C:\_SoftFactory\Java\JDK\jdk1.7.0_80\jre\lib\jfr.jar;C:\_SoftFactory\Java\JDK\jdk1.7.0_80\jre\classes" />
    <property name="env.COMPUTERNAME" value="DESKTOP-07BR2C5" />
    <property name="env.CommonProgramW6432" value="C:\Program Files\Common Files" />
    <property name="env.ALLUSERSPROFILE" value="C:\ProgramData" />
    <property name="sun.desktop" value="windows" />
    <property name="java.vm.specification.vendor" value="Oracle Corporation" />
    <property name="ant.home" value="C:\_SoftFactory\Java\IDE\eGovFrameDev-3.6.0-64bit\eclipse\plugins\org.apache.ant_1.9.6.v201510161327" />
    <property name="java.runtime.version" value="1.7.0_80-b15" />
    <property name="env.lib" value="C:\Program Files\Microsoft SDKs\Windows\v7.1\Lib" />
    <property name="env.HOMEPATH" value="\Users\soft" />
    <property name="user.name" value="soft" />
    <property name="user.language" value="ko" />
    <property name="sun.boot.library.path" value="C:\_SoftFactory\Java\JDK\jdk1.7.0_80\jre\bin" />
    <property name="ant.project.default-target" value="build" />
    <property name="ant.project.name" value="egovframework.guide" />
    <property name="java.version" value="1.7.0_80" />
    <property name="env.PROCESSOR_IDENTIFIER" value="Intel64 Family 6 Model 158 Stepping 9, GenuineIntel" />
    <property name="user.timezone" value="" />
    <property name="env.TEMP" value="C:\Users\soft\AppData\Local\Temp" />
    <property name="sun.arch.data.model" value="64" />
    <property name="java.endorsed.dirs" value="C:\_SoftFactory\Java\JDK\jdk1.7.0_80\jre\lib\endorsed" />
    <property name="sun.cpu.isalist" value="amd64" />
    <property name="env.HOMEDRIVE" value="C:" />
    <property name="sun.jnu.encoding" value="MS949" />
    <property name="file.encoding.pkg" value="sun.io" />
    <property name="ECLIPSE_HOME" value="../../../IDE/eGovFrameDev-3.6.0-64bit/eclipse/" />
    <property name="file.separator" value="\" />
    <property name="java.specification.name" value="Java Platform API Specification" />
    <property name="java.class.version" value="51.0" />
    <property name="user.country" value="KR" />
    <property name="java.home" value="C:\_SoftFactory\Java\JDK\jdk1.7.0_80\jre" />
    <property name="env.PSModulePath" value="C:\Program Files\WindowsPowerShell\Modules;C:\Windows\system32\WindowsPowerShell\v1.0\Modules" />
    <property name="env.APPDATA" value="C:\Users\soft\AppData\Roaming" />
    <property name="env.PUBLIC" value="C:\Users\Public" />
    <property name="java.vm.info" value="mixed mode" />
    <property name="env.ComSpec" value="C:\Windows\system32\cmd.exe" />
    <property name="env.OS" value="Windows_NT" />
    <property name="env.CommonProgramFiles" value="C:\Program Files\Common Files" />
    <property name="ant.file" value="C:\_SoftFactory\Java\WorkSpaces\VitzroWebSpace\egovframework.guide\build.xml" />
    <property name="os.version" value="6.3" />
    <property name="env.ProgramW6432" value="C:\Program Files" />
    <property name="path.separator" value=";" />
    <property name="java.vm.version" value="24.80-b11" />
    <property name="env.USERPROFILE" value="C:\Users\soft" />
    <property name="user.variant" value="" />
    <property name="ant.library.dir" value="C:\_SoftFactory\Java\IDE\eGovFrameDev-3.6.0-64bit\eclipse\plugins\org.apache.ant_1.9.6.v201510161327\lib" />
    <property name="junit.output.dir" value="junit" />
    <property name="java.awt.printerjob" value="sun.awt.windows.WPrinterJob" />
    <property name="env.TMP" value="C:\Users\soft\AppData\Local\Temp" />
    <property name="env.FPS_BROWSER_USER_PROFILE_STRING" value="Default" />
    <property name="sun.io.unicode.encoding" value="UnicodeLittle" />
    <property name="awt.toolkit" value="sun.awt.windows.WToolkit" />
    <property name="user.script" value="" />
    <property name="eclipse.pdebuild.scripts" value="/C:/_SoftFactory/Java/IDE/eGovFrameDev-3.6.0-64bit/eclipse/plugins/org.eclipse.pde.build_3.9.100.v20150521-1524/scripts/" />
    <property name="user.home" value="C:\Users\soft" />
    <property name="target" value="1.7" />
    <property name="env.ProgramData" value="C:\ProgramData" />
    <property name="env.SESSIONNAME" value="Console" />
    <property name="env.ProgramFiles(x86)" value="C:\Program Files (x86)" />
    <property name="java.specification.vendor" value="Oracle Corporation" />
    <property name="env.NUMBER_OF_PROCESSORS" value="8" />
    <property name="java.library.path" value="C:\_SoftFactory\Java\JDK\jdk1.7.0_80\jre\bin;C:\Windows\Sun\Java\bin;C:\Windows\system32;C:\Windows;C:\Program Files (x86)\Intel\iCLS Client\;C:\Program Files\Intel\iCLS Client\;C:\Windows\system32;C:\Windows;C:\Windows\System32\Wbem;C:\Windows\System32\WindowsPowerShell\v1.0\;C:\Program Files (x86)\NVIDIA Corporation\PhysX\Common;C:\Program Files (x86)\Intel\Intel(R) Management Engine Components\DAL;C:\Program Files\Intel\Intel(R) Management Engine Components\DAL;C:\Program Files (x86)\Intel\Intel(R) Management Engine Components\IPT;C:\Program Files\Intel\Intel(R) Management Engine Components\IPT;C:\Program Files\Intel\WiFi\bin\;C:\Program Files\Common Files\Intel\WirelessCommon\;C:\Program Files\Git\cmd;C:\Program Files\TortoiseGit\bin;C:\Program Files (x86)\Microsoft SQL Server\90\Tools\binn\;C:\Program Files\Microsoft Windows Performance Toolkit\;C:\Users\soft\AppData\Local\Microsoft\WindowsApps;C:\Program Files\Intel\WiFi\bin\;C:\Program Files\Common Files\Intel\WirelessCommon\;C:\Program Files (x86)\Dr. Memory\bin\;C:\Program Files\Bandizip\7z;." />
    <property name="java.vendor.url" value="http://java.oracle.com/" />
    <property name="java.vm.vendor" value="Oracle Corporation" />
    <property name="java.runtime.name" value="Java(TM) SE Runtime Environment" />
    <property name="ant.version" value="Apache Ant(TM) version 1.9.6 compiled on June 29 2015" />
    <property name="java.class.path" value="C:\_SoftFactory\Java\WorkSpaces\VitzroWebSpace\egovframework.guide\target\classes;C:\_SoftFactory\Java\WorkSpaces\VitzroWebSpace\egovframework.guide\target\test-classes;C:\Users\soft\.m2\repository\org\springframework\spring-aop\3.0.5.RELEASE\spring-aop-3.0.5.RELEASE.jar;C:\Users\soft\.m2\repository\org\springframework\spring-asm\3.0.5.RELEASE\spring-asm-3.0.5.RELEASE.jar;C:\Users\soft\.m2\repository\org\springframework\spring-beans\3.0.5.RELEASE\spring-beans-3.0.5.RELEASE.jar;C:\Users\soft\.m2\repository\org\springframework\spring-context\3.0.5.RELEASE\spring-context-3.0.5.RELEASE.jar;C:\Users\soft\.m2\repository\org\springframework\spring-expression\3.0.5.RELEASE\spring-expression-3.0.5.RELEASE.jar;C:\Users\soft\.m2\repository\org\springframework\spring-context-support\3.0.5.RELEASE\spring-context-support-3.0.5.RELEASE.jar;C:\Users\soft\.m2\repository\org\springframework\spring-core\3.0.5.RELEASE\spring-core-3.0.5.RELEASE.jar;C:\Users\soft\.m2\repository\org\springframework\spring-jdbc\3.0.5.RELEASE\spring-jdbc-3.0.5.RELEASE.jar;C:\Users\soft\.m2\repository\org\springframework\spring-orm\3.0.5.RELEASE\spring-orm-3.0.5.RELEASE.jar;C:\Users\soft\.m2\repository\org\springframework\spring-test\3.0.5.RELEASE\spring-test-3.0.5.RELEASE.jar;C:\Users\soft\.m2\repository\org\springframework\spring-tx\3.0.5.RELEASE\spring-tx-3.0.5.RELEASE.jar;C:\Users\soft\.m2\repository\org\springframework\spring-web\3.0.5.RELEASE\spring-web-3.0.5.RELEASE.jar;C:\Users\soft\.m2\repository\org\springframework\spring-webmvc\3.0.5.RELEASE\spring-webmvc-3.0.5.RELEASE.jar;C:\Users\soft\.m2\repository\junit\junit\4.4\junit-4.4.jar;C:\Users\soft\.m2\repository\org\easymock\easymock\2.4\easymock-2.4.jar;C:\Users\soft\.m2\repository\javax\annotation\jsr250-api\1.0\jsr250-api-1.0.jar;C:\Users\soft\.m2\repository\commons-collections\commons-collections\3.2\commons-collections-3.2.jar;C:\Users\soft\.m2\repository\commons-beanutils\commons-beanutils\1.6\commons-beanutils-1.6.jar;C:\Users\soft\.m2\repository\commons-dbcp\commons-dbcp\1.2.2\commons-dbcp-1.2.2.jar;C:\Users\soft\.m2\repository\commons-lang\commons-lang\2.2\commons-lang-2.2.jar;C:\Users\soft\.m2\repository\commons-logging\commons-logging\1.1.1\commons-logging-1.1.1.jar;C:\Users\soft\.m2\repository\commons-pool\commons-pool\1.3\commons-pool-1.3.jar;C:\Users\soft\.m2\repository\org\aspectj\aspectjrt\1.6.2\aspectjrt-1.6.2.jar;C:\Users\soft\.m2\repository\org\aspectj\aspectjweaver\1.6.2\aspectjweaver-1.6.2.jar;C:\Users\soft\.m2\repository\aopalliance\aopalliance\1.0\aopalliance-1.0.jar;C:\Users\soft\.m2\repository\hsqldb\hsqldb\1.8.0.10\hsqldb-1.8.0.10.jar;C:\Users\soft\.m2\repository\org\apache\ibatis\ibatis-sqlmap\2.3.4.726\ibatis-sqlmap-2.3.4.726.jar;C:\Users\soft\.m2\repository\log4j\log4j\1.3alpha-8\log4j-1.3alpha-8.jar;C:\Users\soft\.m2\repository\org\slf4j\slf4j-log4j12\1.5.3\slf4j-log4j12-1.5.3.jar;C:\Users\soft\.m2\repository\org\slf4j\slf4j-api\1.5.3\slf4j-api-1.5.3.jar;C:\Users\soft\.m2\repository\net\sf\log4jdbc3\1.1\log4jdbc3-1.1.jar;C:\Users\soft\.m2\repository\mysql\mysql-connector-java\5.1.6\mysql-connector-java-5.1.6.jar;C:\Users\soft\.m2\repository\egovframework\rte\egovframework.rte.psl.dataaccess\2.7.0\egovframework.rte.psl.dataaccess-2.7.0.jar;C:\Users\soft\.m2\repository\org\mybatis\mybatis\3.2.1\mybatis-3.2.1.jar;C:\Users\soft\.m2\repository\org\mybatis\mybatis-spring\1.2.0\mybatis-spring-1.2.0.jar;C:\Users\soft\.m2\repository\egovframework\rte\egovframework.rte.fdl.idgnr\2.7.0\egovframework.rte.fdl.idgnr-2.7.0.jar;C:\Users\soft\.m2\repository\egovframework\rte\egovframework.rte.fdl.cmmn\2.7.0\egovframework.rte.fdl.cmmn-2.7.0.jar;C:\Users\soft\.m2\repository\egovframework\rte\egovframework.rte.ptl.mvc\2.7.0\egovframework.rte.ptl.mvc-2.7.0.jar;C:\Users\soft\.m2\repository\commons-validator\commons-validator\1.3.1\commons-validator-1.3.1.jar;C:\Users\soft\.m2\repository\commons-digester\commons-digester\1.6\commons-digester-1.6.jar;C:\Users\soft\.m2\repository\xml-apis\xml-apis\1.0.b2\xml-apis-1.0.b2.jar;C:\Users\soft\.m2\repository\org\springmodules\spring-modules-validation\0.9\spring-modules-validation-0.9.jar;C:\Users\soft\.m2\repository\egovframework\rte\egovframework.rte.fdl.property\2.7.0\egovframework.rte.fdl.property-2.7.0.jar;C:\_SoftFactory\Java\WAS\Tomcat 7.0\lib\annotations-api.jar;C:\_SoftFactory\Java\WAS\Tomcat 7.0\lib\catalina-ant.jar;C:\_SoftFactory\Java\WAS\Tomcat 7.0\lib\catalina-ha.jar;C:\_SoftFactory\Java\WAS\Tomcat 7.0\lib\catalina-tribes.jar;C:\_SoftFactory\Java\WAS\Tomcat 7.0\lib\catalina.jar;C:\_SoftFactory\Java\WAS\Tomcat 7.0\lib\ecj-4.4.2.jar;C:\_SoftFactory\Java\WAS\Tomcat 7.0\lib\el-api.jar;C:\_SoftFactory\Java\WAS\Tomcat 7.0\lib\jasper-el.jar;C:\_SoftFactory\Java\WAS\Tomcat 7.0\lib\jasper.jar;C:\_SoftFactory\Java\WAS\Tomcat 7.0\lib\jsp-api.jar;C:\_SoftFactory\Java\WAS\Tomcat 7.0\lib\servlet-api.jar;C:\_SoftFactory\Java\WAS\Tomcat 7.0\lib\tomcat-api.jar;C:\_SoftFactory\Java\WAS\Tomcat 7.0\lib\tomcat-coyote.jar;C:\_SoftFactory\Java\WAS\Tomcat 7.0\lib\tomcat-dbcp.jar;C:\_SoftFactory\Java\WAS\Tomcat 7.0\lib\tomcat-i18n-es.jar;C:\_SoftFactory\Java\WAS\Tomcat 7.0\lib\tomcat-i18n-fr.jar;C:\_SoftFactory\Java\WAS\Tomcat 7.0\lib\tomcat-i18n-ja.jar;C:\_SoftFactory\Java\WAS\Tomcat 7.0\lib\tomcat-jdbc.jar;C:\_SoftFactory\Java\WAS\Tomcat 7.0\lib\tomcat-util.jar;C:\_SoftFactory\Java\WAS\Tomcat 7.0\lib\tomcat7-websocket.jar;C:\_SoftFactory\Java\WAS\Tomcat 7.0\lib\websocket-api.jar;C:\_SoftFactory\Java\IDE\eGovFrameDev-3.6.0-64bit\eclipse\plugins\org.apache.ant_1.9.6.v201510161327\lib\ant-launcher.jar;C:\_SoftFactory\Java\IDE\eGovFrameDev-3.6.0-64bit\eclipse\plugins\org.apache.ant_1.9.6.v201510161327\lib\ant.jar;C:\_SoftFactory\Java\IDE\eGovFrameDev-3.6.0-64bit\eclipse\plugins\org.apache.ant_1.9.6.v201510161327\lib\ant-junit.jar;C:\_SoftFactory\Java\IDE\eGovFrameDev-3.6.0-64bit\eclipse\plugins\org.apache.ant_1.9.6.v201510161327\lib\ant-junit4.jar" />
    <property name="sun.java.command" value="org.apache.tools.ant.taskdefs.optional.junit.JUnitTestRunner egovframework.guide.helloworld.HelloWorldServiceTest skipNonTests=false filtertrace=true haltOnError=false haltOnFailure=false formatter=org.apache.tools.ant.taskdefs.optional.junit.OutErrSummaryJUnitResultFormatter showoutput=false outputtoformatters=true logfailedtests=true threadid=0 logtestlistenerevents=false formatter=org.apache.tools.ant.taskdefs.optional.junit.XMLJUnitResultFormatter,C:\_SoftFactory\Java\WorkSpaces\VitzroWebSpace\egovframework.guide\junit\TEST-egovframework.guide.helloworld.HelloWorldServiceTest.xml crashfile=C:\_SoftFactory\Java\WorkSpaces\VitzroWebSpace\egovframework.guide\junitvmwatcher1802752830989622498.properties propsfile=C:\_SoftFactory\Java\WorkSpaces\VitzroWebSpace\egovframework.guide\junit3623683963740628682.properties" />
    <property name="java.vm.specification.name" value="Java Virtual Machine Specification" />
    <property name="env.LOGONSERVER" value="\\DESKTOP-07BR2C5" />
    <property name="env.windir" value="C:\Windows" />
    <property name="env.PROCESSOR_ARCHITECTURE" value="AMD64" />
    <property name="java.vm.specification.version" value="1.7" />
    <property name="sun.os.patch.level" value="" />
    <property name="sun.cpu.endian" value="little" />
    <property name="debuglevel" value="source,lines,vars" />
    <property name="env.OneDrive" value="C:\Users\soft\OneDrive" />
    <property name="env.ProgramFiles" value="C:\Program Files" />
    <property name="env.ANT_HOME" value="C:\_SoftFactory\Java\IDE\eGovFrameDev-3.6.0-64bit\eclipse\plugins\org.apache.ant_1.9.6.v201510161327" />
    <property name="java.io.tmpdir" value="C:\Users\soft\AppData\Local\Temp\" />
    <property name="env.PROCESSOR_REVISION" value="9e09" />
    <property name="eclipse.pdebuild.home" value="/C:/_SoftFactory/Java/IDE/eGovFrameDev-3.6.0-64bit/eclipse/plugins/org.eclipse.pde.build_3.9.100.v20150521-1524/./" />
    <property name="env.CommonProgramFiles(x86)" value="C:\Program Files (x86)\Common Files" />
    <property name="java.vendor.url.bug" value="http://bugreport.sun.com/bugreport/" />
    <property name="env.SystemRoot" value="C:\Windows" />
    <property name="env.FPS_BROWSER_APP_PROFILE_STRING" value="Internet Explorer" />
    <property name="os.arch" value="amd64" />
    <property name="java.awt.graphicsenv" value="sun.awt.Win32GraphicsEnvironment" />
    <property name="java.ext.dirs" value="C:\_SoftFactory\Java\JDK\jdk1.7.0_80\jre\lib\ext;C:\Windows\Sun\Java\lib\ext" />
    <property name="user.dir" value="C:\_SoftFactory\Java\WorkSpaces\VitzroWebSpace\egovframework.guide" />
    <property name="env.LOCALAPPDATA" value="C:\Users\soft\AppData\Local" />
    <property name="line.separator" value="&#xd;&#xa;" />
    <property name="ant.file.type.egovframework.guide" value="file" />
    <property name="ant.file.egovframework.guide" value="C:\_SoftFactory\Java\WorkSpaces\VitzroWebSpace\egovframework.guide\build.xml" />
    <property name="java.vm.name" value="Java HotSpot(TM) 64-Bit Server VM" />
    <property name="env.PATHEXT" value=".COM;.EXE;.BAT;.CMD;.VBS;.VBE;.JS;.JSE;.WSF;.WSH;.MSC" />
    <property name="env.Path" value="C:\Program Files (x86)\Intel\iCLS Client\;C:\Program Files\Intel\iCLS Client\;C:\Windows\system32;C:\Windows;C:\Windows\System32\Wbem;C:\Windows\System32\WindowsPowerShell\v1.0\;C:\Program Files (x86)\NVIDIA Corporation\PhysX\Common;C:\Program Files (x86)\Intel\Intel(R) Management Engine Components\DAL;C:\Program Files\Intel\Intel(R) Management Engine Components\DAL;C:\Program Files (x86)\Intel\Intel(R) Management Engine Components\IPT;C:\Program Files\Intel\Intel(R) Management Engine Components\IPT;C:\Program Files\Intel\WiFi\bin\;C:\Program Files\Common Files\Intel\WirelessCommon\;C:\Program Files\Git\cmd;C:\Program Files\TortoiseGit\bin;C:\Program Files (x86)\Microsoft SQL Server\90\Tools\binn\;C:\Program Files\Microsoft Windows Performance Toolkit\;C:\Users\soft\AppData\Local\Microsoft\WindowsApps;C:\Program Files\Intel\WiFi\bin\;C:\Program Files\Common Files\Intel\WirelessCommon\;C:\Program Files (x86)\Dr. Memory\bin\;C:\Program Files\Bandizip\7z" />
    <property name="org.apache.tools.ant.taskdefs.optional.junit.AggregateTransformer0" value="C:\Users\soft\AppData\Local\Temp\null1075935678" />
    <property name="basedir" value="C:\_SoftFactory\Java\WorkSpaces\VitzroWebSpace\egovframework.guide" />
    <property name="ant.java.version" value="1.7" />
    <property name="ant.core.lib" value="C:\_SoftFactory\Java\IDE\eGovFrameDev-3.6.0-64bit\eclipse\plugins\org.apache.ant_1.9.6.v201510161327\lib\ant.jar" />
    <property name="env.USERNAME" value="soft" />
    <property name="env.SystemDrive" value="C:" />
    <property name="source" value="1.7" />
    <property name="file.encoding" value="MS949" />
    <property name="env.USERDOMAIN" value="DESKTOP-07BR2C5" />
    <property name="java.specification.version" value="1.7" />
    <property name="ant.project.invoked-targets" value="build,junitreport,HelloWorldServiceTest" />
    <property name="env.PROCESSOR_LEVEL" value="6" />
  </properties>
  <testcase classname="egovframework.guide.helloworld.HelloWorldServiceTest" name="testSayHello" time="0.317" />
  <system-out><![CDATA[log4j:INFO Using URL [file:/C:/_SoftFactory/Java/WorkSpaces/VitzroWebSpace/egovframework.guide/target/classes/log4j.xml] for automatic log4j configuration of repository named [default].
]]></system-out>
  <system-err><![CDATA[]]></system-err>
</testsuite>
